INFO:root:Start monitoring...
INFO:root:Start monitoring...
INFO:root:Start monitoring...
INFO:root:Start monitoring...
INFO:root:Start monitoring...
INFO:root:Stop monitoring...
INFO:root:Start monitoring
INFO:root:Stopped monitoring
INFO:root:Start monitoring
INFO:root:Stopped monitoring
INFO:root:Start monitoring
INFO:root:Stopped monitoring
INFO:root:Start monitoring
INFO:root:Stopped monitoring
INFO:root:Start monitoring
INFO:root:Stopped monitoring
INFO:root:Start monitoring
INFO:root:Stopped monitoring
INFO:root:Start monitoring
INFO:root:Stopped monitoring
INFO:root:Start monitoring
INFO:root:Stopped monitoring
INFO:root:Start monitoring
INFO:root:Stopped monitoring
INFO:root:Start monitoring
INFO:root:Stopped monitoring
INFO:root:Start monitoring
INFO:root:Stopped monitoring
INFO:root:Start monitoring
INFO:root:Stopped monitoring
INFO:root:Start monitoring
INFO:root:Stopped monitoring
INFO:root:Start monitoring
INFO:root:Stopped monitoring
INFO:root:Start monitoring
INFO:root:Stopped monitoring
INFO:root:Start monitoring
INFO:root:Unmounted device USB3.0-CRW
 volume USBSanDisk manufactured by Generic
INFO:root:Stopped monitoring
INFO:root:Start monitoring
INFO:root:Stopped monitoring
INFO:root:Start monitoring
INFO:root:Unmounted device USB3.0-CRW
 volume USBSanDisk manufactured by Generic
INFO:root:Stopped monitoring
INFO:root:Start monitoring
INFO:root:Stopped monitoring
INFO:root:Start monitoring
INFO:root:Unmounted device USB3.0-CRW volume USBSanDisk manufactured by Generic
INFO:root:Stopped monitoring
INFO:root:Start monitoring
INFO:root:Stopped monitoring
INFO:root:Start monitoring
INFO:root:Stopped monitoring
INFO:root:Start monitoring
INFO:root:Stopped monitoring
INFO:root:Start monitoring
INFO:root:Stopped monitoring
INFO:root:Start monitoring
INFO:root:Stopped monitoring
INFO:root:Start monitoring
INFO:root:Start monitoring
INFO:root:Stopped monitoring
INFO:root:Start monitoring
INFO:root:Stopped monitoring
INFO:root:Start monitoring
INFO:root:Stopped monitoring
INFO:root:Start monitoring
INFO:root:Mounted device USB3.0-CRW volume USBSanDisk manufactured by Generic
INFO:root:Stopped monitoring
INFO:root:Start monitoring
INFO:root:Mounted device USB3.0-CRW volume USBSanDisk manufactured by Generic
INFO:root:Stopped monitoring
INFO:root:Start monitoring
INFO:root:Mounted device USB3.0-CRW volume USBSanDisk manufactured by Generic
INFO:root:Stopped monitoring
